[30-Nov-2020 13:43:52 UTC] WordPress database error You have an error in your SQL syntax; check the manual that corresponds to your MariaDB server version for the right syntax to use near ''.id' as idMarker, 
          wp_gmp_markers.'.title' as titleMarker, 
      ...' at line 1 for query SELECT wp_gmp_markers.'.id' as idMarker, 
          wp_gmp_markers.'.title' as titleMarker, 
          wp_gmp_markers.'.description', 
          wp_gmp_markers.'.address',
          wp_gmp_markers.'.marker_group_id',
          wp_gmp_marker_groups.'.id' as idGroup, 
          wp_gmp_marker_groups.'.title' as titleGroup
    FROM wp_gmp_markers
    INNER JOIN wp_gmp_marker_groups ON wp_gmp_markers.'.marker_group_id' = wp_gmp_marker_groups.'.id' made by require('wp-blog-header.php'), require_once('wp-includes/template-loader.php'), include('/bitnami/wordpress/wp-content/themes/vio-child/template-maps.php'), do_shortcode, preg_replace_callback, do_shortcode_tag, list_all_markers
[30-Nov-2020 13:45:07 UTC] WordPress database error You have an error in your SQL syntax; check the manual that corresponds to your MariaDB server version for the right syntax to use near 'as idMarker, 
          wp_gmp_markers.'.title' as titleMarker, 
          wp...' at line 1 for query SELECT wp_gmp_markers'.id' as idMarker, 
          wp_gmp_markers.'.title' as titleMarker, 
          wp_gmp_markers.'.description', 
          wp_gmp_markers.'.address',
          wp_gmp_markers.'.marker_group_id',
          wp_gmp_marker_groups.'.id' as idGroup, 
          wp_gmp_marker_groups.'.title' as titleGroup
    FROM wp_gmp_markers
    INNER JOIN wp_gmp_marker_groups ON wp_gmp_markers.'.marker_group_id' = wp_gmp_marker_groups.'.id' made by require('wp-blog-header.php'), require_once('wp-includes/template-loader.php'), include('/bitnami/wordpress/wp-content/themes/vio-child/template-maps.php'), do_shortcode, preg_replace_callback, do_shortcode_tag, list_all_markers
[30-Nov-2020 13:45:19 UTC] WordPress database error You have an error in your SQL syntax; check the manual that corresponds to your MariaDB server version for the right syntax to use near 'as idMarker, 
          wp_gmp_markers.'.title' as titleMarker, 
          wp...' at line 1 for query SELECT wp_gmp_markers'.id' as idMarker, 
          wp_gmp_markers.'.title' as titleMarker, 
          wp_gmp_markers.'.description', 
          wp_gmp_markers.'.address',
          wp_gmp_markers.'.marker_group_id',
          wp_gmp_marker_groups.'.id' as idGroup, 
          wp_gmp_marker_groups.'.title' as titleGroup
    FROM wp_gmp_markers
    INNER JOIN wp_gmp_marker_groups ON wp_gmp_markers.'.marker_group_id' = wp_gmp_marker_groups.'.id' made by require('wp-blog-header.php'), require_once('wp-includes/template-loader.php'), include('/bitnami/wordpress/wp-content/themes/vio-child/template-maps.php'), do_shortcode, preg_replace_callback, do_shortcode_tag, list_all_markers
[30-Nov-2020 13:45:27 UTC] WordPress database error You have an error in your SQL syntax; check the manual that corresponds to your MariaDB server version for the right syntax to use near 'as idMarker, 
          wp_gmp_markers.'.title' as titleMarker, 
          wp...' at line 1 for query SELECT wp_gmp_markers'.id' as idMarker, 
          wp_gmp_markers.'.title' as titleMarker, 
          wp_gmp_markers.'.description', 
          wp_gmp_markers.'.address',
          wp_gmp_markers.'.marker_group_id',
          wp_gmp_marker_groups.'.id' as idGroup, 
          wp_gmp_marker_groups.'.title' as titleGroup
    FROM wp_gmp_markers
    INNER JOIN wp_gmp_marker_groups ON wp_gmp_markers.'.marker_group_id' = wp_gmp_marker_groups.'.id' made by require('wp-blog-header.php'), require_once('wp-includes/template-loader.php'), include('/bitnami/wordpress/wp-content/themes/vio-child/template-maps.php'), do_shortcode, preg_replace_callback, do_shortcode_tag, list_all_markers
[30-Nov-2020 13:45:39 UTC] WordPress database error You have an error in your SQL syntax; check the manual that corresponds to your MariaDB server version for the right syntax to use near 'as idMarker, 
          wp_gmp_markers.'.title' as titleMarker, 
          wp...' at line 1 for query SELECT wp_gmp_markers'.id' as idMarker, 
          wp_gmp_markers.'.title' as titleMarker, 
          wp_gmp_markers.'.description', 
          wp_gmp_markers.'.address',
          wp_gmp_markers.'.marker_group_id',
          wp_gmp_marker_groups.'.id' as idGroup, 
          wp_gmp_marker_groups.'.title' as titleGroup
    FROM wp_gmp_markers
    INNER JOIN wp_gmp_marker_groups ON wp_gmp_markers.'.marker_group_id' = wp_gmp_marker_groups.'.id' made by require('wp-blog-header.php'), require_once('wp-includes/template-loader.php'), include('/bitnami/wordpress/wp-content/themes/vio-child/template-maps.php'), do_shortcode, preg_replace_callback, do_shortcode_tag, list_all_markers
[30-Nov-2020 13:45:46 UTC] WordPress database error You have an error in your SQL syntax; check the manual that corresponds to your MariaDB server version for the right syntax to use near 'as idMarker, 
          wp_gmp_markers.'.title' as titleMarker, 
          wp...' at line 1 for query SELECT wp_gmp_markers'.id' as idMarker, 
          wp_gmp_markers.'.title' as titleMarker, 
          wp_gmp_markers.'.description', 
          wp_gmp_markers.'.address',
          wp_gmp_markers.'.marker_group_id',
          wp_gmp_marker_groups.'.id' as idGroup, 
          wp_gmp_marker_groups.'.title' as titleGroup
    FROM wp_gmp_markers
    INNER JOIN wp_gmp_marker_groups ON wp_gmp_markers.'.marker_group_id' = wp_gmp_marker_groups.'.id' made by require('wp-blog-header.php'), require_once('wp-includes/template-loader.php'), include('/bitnami/wordpress/wp-content/themes/vio-child/template-maps.php'), do_shortcode, preg_replace_callback, do_shortcode_tag, list_all_markers
[30-Nov-2020 13:46:55 UTC] WordPress database error You have an error in your SQL syntax; check the manual that corresponds to your MariaDB server version for the right syntax to use near ''.title' as titleMarker, 
          wp_gmp_markers.'.description', 
         ...' at line 2 for query SELECT wp_gmp_markers.id as idMarker, 
          wp_gmp_markers.'.title' as titleMarker, 
          wp_gmp_markers.'.description', 
          wp_gmp_markers.'.address',
          wp_gmp_markers.'.marker_group_id',
          wp_gmp_marker_groups.'.id' as idGroup, 
          wp_gmp_marker_groups.'.title' as titleGroup
    FROM wp_gmp_markers
    INNER JOIN wp_gmp_marker_groups ON wp_gmp_markers.'.marker_group_id' = wp_gmp_marker_groups.'.id' made by require('wp-blog-header.php'), require_once('wp-includes/template-loader.php'), include('/bitnami/wordpress/wp-content/themes/vio-child/template-maps.php'), do_shortcode, preg_replace_callback, do_shortcode_tag, list_all_markers
[30-Nov-2020 13:47:16 UTC] WordPress database error You have an error in your SQL syntax; check the manual that corresponds to your MariaDB server version for the right syntax to use near ''.title' as titleMarker, 
          wp_gmp_markers.'.description', 
         ...' at line 2 for query SELECT wp_gmp_markers.id as idMarker, 
          wp_gmp_markers.'.title' as titleMarker, 
          wp_gmp_markers.'.description', 
          wp_gmp_markers.'.address',
          wp_gmp_markers.'.marker_group_id',
          wp_gmp_marker_groups.'.id' as idGroup, 
          wp_gmp_marker_groups.'.title' as titleGroup
    FROM wp_gmp_markers
    INNER JOIN wp_gmp_marker_groups ON wp_gmp_markers.'.marker_group_id' = wp_gmp_marker_groups.'.id' made by require('wp-blog-header.php'), require_once('wp-includes/template-loader.php'), include('/bitnami/wordpress/wp-content/themes/vio-child/template-maps.php'), do_shortcode, preg_replace_callback, do_shortcode_tag, list_all_markers
[30-Nov-2020 13:47:36 UTC] WordPress database error You have an error in your SQL syntax; check the manual that corresponds to your MariaDB server version for the right syntax to use near ''.title' as titleMarker, 
          wp_gmp_markers.'.description', 
         ...' at line 2 for query SELECT wp_gmp_markers.id as idMarker, 
          wp_gmp_markers.'.title' as titleMarker, 
          wp_gmp_markers.'.description', 
          wp_gmp_markers.'.address',
          wp_gmp_markers.'.marker_group_id',
          wp_gmp_marker_groups.'.id' as idGroup, 
          wp_gmp_marker_groups.'.title' as titleGroup
    FROM wp_gmp_markers
    INNER JOIN wp_gmp_marker_groups ON wp_gmp_markers.'.marker_group_id' = wp_gmp_marker_groups.'.id' made by require('wp-blog-header.php'), require_once('wp-includes/template-loader.php'), include('/bitnami/wordpress/wp-content/themes/vio-child/template-maps.php'), do_shortcode, preg_replace_callback, do_shortcode_tag, list_all_markers
[30-Nov-2020 13:52:08 UTC] WordPress database error Unknown column 'wp_gmp_markers.adress' in 'field list' for query SELECT wp_gmp_markers.id as idMarker,
                    wp_gmp_markers.title as titleMarker,
                    wp_gmp_markers.description,
                    wp_gmp_markers.adress,
                    wp_gmp_markers.marker_group_id,
                    wp_gmp_marker_groups.id as idGroup,
                    wp_gmp_marker_groups.title as titleGroup
              FROM wp_gmp_markers
              INNER JOIN wp_gmp_marker_groups ON wp_gmp_marker_groups.id = wp_gmp_markers.marker_group_id 
               made by require('wp-blog-header.php'), require_once('wp-includes/template-loader.php'), include('/bitnami/wordpress/wp-content/themes/vio-child/template-maps.php'), do_shortcode, preg_replace_callback, do_shortcode_tag, list_all_markers
[30-Nov-2020 13:52:27 UTC] WordPress database error Unknown column 'wp_gmp_markers.adress' in 'field list' for query SELECT wp_gmp_markers.id as idMarker,
                    wp_gmp_markers.title as titleMarker,
                    wp_gmp_markers.description,
                    wp_gmp_markers.adress,
                    wp_gmp_markers.marker_group_id,
                    wp_gmp_marker_groups.id as idGroup,
                    wp_gmp_marker_groups.title as titleGroup
              FROM wp_gmp_markers
              INNER JOIN wp_gmp_marker_groups ON wp_gmp_marker_groups.id = wp_gmp_markers.marker_group_id 
               made by require('wp-blog-header.php'), require_once('wp-includes/template-loader.php'), include('/bitnami/wordpress/wp-content/themes/vio-child/template-maps.php'), do_shortcode, preg_replace_callback, do_shortcode_tag, list_all_markers
[30-Nov-2020 13:52:41 UTC] WordPress database error Unknown column 'wp_gmp_markers.adress' in 'field list' for query SELECT wp_gmp_markers.id as idMarker,
                    wp_gmp_markers.title as titleMarker,
                    wp_gmp_markers.description,
                    wp_gmp_markers.adress,
                    wp_gmp_markers.marker_group_id,
                    wp_gmp_marker_groups.id as idGroup,
                    wp_gmp_marker_groups.title as titleGroup
              FROM wp_gmp_markers
              INNER JOIN wp_gmp_marker_groups ON wp_gmp_marker_groups.id = wp_gmp_markers.marker_group_id 
               made by require('wp-blog-header.php'), require_once('wp-includes/template-loader.php'), include('/bitnami/wordpress/wp-content/themes/vio-child/template-maps.php'), do_shortcode, preg_replace_callback, do_shortcode_tag, list_all_markers
[30-Nov-2020 13:52:52 UTC] WordPress database error Unknown column 'wp_gmp_markers.adress' in 'field list' for query SELECT wp_gmp_markers.id as idMarker,
                    wp_gmp_markers.title as titleMarker,
                    wp_gmp_markers.description,
                    wp_gmp_markers.adress,
                    wp_gmp_markers.marker_group_id,
                    wp_gmp_marker_groups.id as idGroup,
                    wp_gmp_marker_groups.title as titleGroup
              FROM wp_gmp_markers
              INNER JOIN wp_gmp_marker_groups ON wp_gmp_marker_groups.id = wp_gmp_markers.marker_group_id 
               made by require('wp-blog-header.php'), require_once('wp-includes/template-loader.php'), include('/bitnami/wordpress/wp-content/themes/vio-child/template-maps.php'), do_shortcode, preg_replace_callback, do_shortcode_tag, list_all_markers
[30-Nov-2020 13:53:07 UTC] WordPress database error Unknown column 'wp_gmp_markers.adress' in 'field list' for query SELECT wp_gmp_markers.id as idMarker,
                    wp_gmp_markers.title as titleMarker,
                    wp_gmp_markers.description,
                    wp_gmp_markers.adress,
                    wp_gmp_markers.marker_group_id,
                    wp_gmp_marker_groups.id as idGroup,
                    wp_gmp_marker_groups.title as titleGroup
              FROM wp_gmp_markers
              INNER JOIN wp_gmp_marker_groups ON wp_gmp_marker_groups.id = wp_gmp_markers.marker_group_id 
               made by require('wp-blog-header.php'), require_once('wp-includes/template-loader.php'), include('/bitnami/wordpress/wp-content/themes/vio-child/template-maps.php'), do_shortcode, preg_replace_callback, do_shortcode_tag, list_all_markers
[30-Nov-2020 14:37:59 UTC] PHP Fatal error:  Uncaught Error: Object of class stdClass could not be converted to string in /bitnami/wordpress/wp-content/plugins/custom-display-maps/customdm.php:26
Stack trace:
#0 /opt/bitnami/wordpress/wp-includes/shortcodes.php(343): list_all_markers()
#1 [internal function]: do_shortcode_tag()
#2 /opt/bitnami/wordpress/wp-includes/shortcodes.php(218): preg_replace_callback()
#3 /opt/bitnami/wordpress/wp-includes/class-wp-hook.php(287): do_shortcode()
#4 /opt/bitnami/wordpress/wp-includes/plugin.php(206): WP_Hook->apply_filters()
#5 /opt/bitnami/wordpress/wp-includes/post-template.php(253): apply_filters()
#6 /bitnami/wordpress/wp-content/themes/vio/page-templates/common-page.php(20): the_content()
#7 /opt/bitnami/wordpress/wp-includes/template-loader.php(106): include('/bitnami/wordpr...')
#8 /opt/bitnami/wordpress/wp-blog-header.php(19): require_once('/opt/bitnami/wo...')
#9 /opt/bitnami/wordpress/index.php(17): require('/opt/bitnami/wo...')
#10 {main}
  thrown in /bitnami/wordpress/wp-content/plugins/custom-display-maps/customdm.php on line 26
[30-Nov-2020 14:38:25 UTC] PHP Fatal error:  Uncaught Error: Object of class stdClass could not be converted to string in /bitnami/wordpress/wp-content/plugins/custom-display-maps/customdm.php:26
Stack trace:
#0 /opt/bitnami/wordpress/wp-includes/shortcodes.php(343): list_all_markers()
#1 [internal function]: do_shortcode_tag()
#2 /opt/bitnami/wordpress/wp-includes/shortcodes.php(218): preg_replace_callback()
#3 /opt/bitnami/wordpress/wp-includes/class-wp-hook.php(287): do_shortcode()
#4 /opt/bitnami/wordpress/wp-includes/plugin.php(206): WP_Hook->apply_filters()
#5 /opt/bitnami/wordpress/wp-includes/post-template.php(253): apply_filters()
#6 /bitnami/wordpress/wp-content/themes/vio/page-templates/common-page.php(20): the_content()
#7 /opt/bitnami/wordpress/wp-includes/template-loader.php(106): include('/bitnami/wordpr...')
#8 /opt/bitnami/wordpress/wp-blog-header.php(19): require_once('/opt/bitnami/wo...')
#9 /opt/bitnami/wordpress/index.php(17): require('/opt/bitnami/wo...')
#10 {main}
  thrown in /bitnami/wordpress/wp-content/plugins/custom-display-maps/customdm.php on line 26
[30-Nov-2020 14:38:32 UTC] PHP Fatal error:  Uncaught Error: Object of class stdClass could not be converted to string in /bitnami/wordpress/wp-content/plugins/custom-display-maps/customdm.php:26
Stack trace:
#0 /opt/bitnami/wordpress/wp-includes/shortcodes.php(343): list_all_markers()
#1 [internal function]: do_shortcode_tag()
#2 /opt/bitnami/wordpress/wp-includes/shortcodes.php(218): preg_replace_callback()
#3 /opt/bitnami/wordpress/wp-includes/class-wp-hook.php(287): do_shortcode()
#4 /opt/bitnami/wordpress/wp-includes/plugin.php(206): WP_Hook->apply_filters()
#5 /opt/bitnami/wordpress/wp-includes/post-template.php(253): apply_filters()
#6 /bitnami/wordpress/wp-content/themes/vio/page-templates/common-page.php(20): the_content()
#7 /opt/bitnami/wordpress/wp-includes/template-loader.php(106): include('/bitnami/wordpr...')
#8 /opt/bitnami/wordpress/wp-blog-header.php(19): require_once('/opt/bitnami/wo...')
#9 /opt/bitnami/wordpress/index.php(17): require('/opt/bitnami/wo...')
#10 {main}
  thrown in /bitnami/wordpress/wp-content/plugins/custom-display-maps/customdm.php on line 26
[30-Nov-2020 14:41:30 UTC] PHP Fatal error:  Uncaught Error: Object of class stdClass could not be converted to string in /bitnami/wordpress/wp-content/plugins/custom-display-maps/customdm.php:26
Stack trace:
#0 /opt/bitnami/wordpress/wp-includes/shortcodes.php(343): list_all_markers()
#1 [internal function]: do_shortcode_tag()
#2 /opt/bitnami/wordpress/wp-includes/shortcodes.php(218): preg_replace_callback()
#3 /opt/bitnami/wordpress/wp-includes/class-wp-hook.php(287): do_shortcode()
#4 /opt/bitnami/wordpress/wp-includes/plugin.php(206): WP_Hook->apply_filters()
#5 /opt/bitnami/wordpress/wp-includes/post-template.php(253): apply_filters()
#6 /bitnami/wordpress/wp-content/themes/vio/page-templates/common-page.php(20): the_content()
#7 /opt/bitnami/wordpress/wp-includes/template-loader.php(106): include('/bitnami/wordpr...')
#8 /opt/bitnami/wordpress/wp-blog-header.php(19): require_once('/opt/bitnami/wo...')
#9 /opt/bitnami/wordpress/index.php(17): require('/opt/bitnami/wo...')
#10 {main}
  thrown in /bitnami/wordpress/wp-content/plugins/custom-display-maps/customdm.php on line 26
[30-Nov-2020 14:41:45 UTC] PHP Fatal error:  Uncaught Error: Object of class stdClass could not be converted to string in /bitnami/wordpress/wp-content/plugins/custom-display-maps/customdm.php:26
Stack trace:
#0 /opt/bitnami/wordpress/wp-includes/shortcodes.php(343): list_all_markers()
#1 [internal function]: do_shortcode_tag()
#2 /opt/bitnami/wordpress/wp-includes/shortcodes.php(218): preg_replace_callback()
#3 /opt/bitnami/wordpress/wp-includes/class-wp-hook.php(287): do_shortcode()
#4 /opt/bitnami/wordpress/wp-includes/plugin.php(206): WP_Hook->apply_filters()
#5 /opt/bitnami/wordpress/wp-includes/post-template.php(253): apply_filters()
#6 /bitnami/wordpress/wp-content/themes/vio/page-templates/common-page.php(20): the_content()
#7 /opt/bitnami/wordpress/wp-includes/template-loader.php(106): include('/bitnami/wordpr...')
#8 /opt/bitnami/wordpress/wp-blog-header.php(19): require_once('/opt/bitnami/wo...')
#9 /opt/bitnami/wordpress/index.php(17): require('/opt/bitnami/wo...')
#10 {main}
  thrown in /bitnami/wordpress/wp-content/plugins/custom-display-maps/customdm.php on line 26
[30-Nov-2020 14:44:57 UTC] PHP Notice:  Undefined index: post_type in /bitnami/wordpress/wp-content/plugins/radiantthemes-custom-post-type/short-header.php on line 332
[30-Nov-2020 14:47:55 UTC] PHP Notice:  Undefined index: post_type in /bitnami/wordpress/wp-content/plugins/radiantthemes-custom-post-type/short-header.php on line 332
[30-Nov-2020 14:59:47 UTC] PHP Notice:  Undefined index: post_type in /bitnami/wordpress/wp-content/plugins/radiantthemes-custom-post-type/short-header.php on line 332
[30-Nov-2020 15:01:47 UTC] PHP Notice:  Undefined index: post_type in /bitnami/wordpress/wp-content/plugins/radiantthemes-custom-post-type/short-header.php on line 332
[30-Nov-2020 15:03:11 UTC] PHP Notice:  Undefined index: post_type in /bitnami/wordpress/wp-content/plugins/radiantthemes-custom-post-type/short-header.php on line 332
[30-Nov-2020 15:05:11 UTC] PHP Notice:  Undefined index: post_type in /bitnami/wordpress/wp-content/plugins/radiantthemes-custom-post-type/short-header.php on line 332
[30-Nov-2020 15:12:44 UTC] PHP Notice:  Undefined index: post_type in /bitnami/wordpress/wp-content/plugins/radiantthemes-custom-post-type/short-header.php on line 332
[30-Nov-2020 15:16:16 UTC] PHP Notice:  Undefined index: post_type in /bitnami/wordpress/wp-content/plugins/radiantthemes-custom-post-type/short-header.php on line 332
[30-Nov-2020 15:25:37 UTC] PHP Notice:  Undefined variable: image_url in /bitnami/wordpress/wp-content/plugins/ultimate-carousel-for-visual-composer/render/carousel_son.php on line 45
[30-Nov-2020 15:25:37 UTC] PHP Notice:  Undefined variable: image_url in /bitnami/wordpress/wp-content/plugins/ultimate-carousel-for-visual-composer/render/carousel_son.php on line 45
[30-Nov-2020 15:25:37 UTC] PHP Notice:  Undefined variable: image_url in /bitnami/wordpress/wp-content/plugins/ultimate-carousel-for-visual-composer/render/carousel_son.php on line 45
[30-Nov-2020 15:25:37 UTC] PHP Notice:  Undefined variable: width in /bitnami/wordpress/wp-content/plugins/ultimate-carousel-for-visual-composer/render/carousel_father.php on line 35
[30-Nov-2020 15:26:06 UTC] PHP Notice:  Undefined index: post_type in /bitnami/wordpress/wp-content/plugins/radiantthemes-custom-post-type/short-header.php on line 332
[30-Nov-2020 15:27:25 UTC] PHP Notice:  Undefined variable: image_url in /bitnami/wordpress/wp-content/plugins/ultimate-carousel-for-visual-composer/render/carousel_son.php on line 45
[30-Nov-2020 15:27:25 UTC] PHP Notice:  Undefined variable: image_url in /bitnami/wordpress/wp-content/plugins/ultimate-carousel-for-visual-composer/render/carousel_son.php on line 45
[30-Nov-2020 15:27:25 UTC] PHP Notice:  Undefined variable: image_url in /bitnami/wordpress/wp-content/plugins/ultimate-carousel-for-visual-composer/render/carousel_son.php on line 45
[30-Nov-2020 15:27:25 UTC] PHP Notice:  Undefined variable: width in /bitnami/wordpress/wp-content/plugins/ultimate-carousel-for-visual-composer/render/carousel_father.php on line 35
[30-Nov-2020 15:33:48 UTC] PHP Notice:  Undefined index: post_type in /bitnami/wordpress/wp-content/plugins/radiantthemes-custom-post-type/short-header.php on line 332
[30-Nov-2020 15:37:38 UTC] PHP Notice:  Undefined index: post_type in /bitnami/wordpress/wp-content/plugins/radiantthemes-custom-post-type/short-header.php on line 332
[30-Nov-2020 15:39:38 UTC] PHP Notice:  Undefined index: post_type in /bitnami/wordpress/wp-content/plugins/radiantthemes-custom-post-type/short-header.php on line 332
[30-Nov-2020 15:41:42 UTC] PHP Notice:  Undefined index: post_type in /bitnami/wordpress/wp-content/plugins/radiantthemes-custom-post-type/short-header.php on line 332
[30-Nov-2020 15:54:56 UTC] PHP Notice:  Undefined index: post_type in /bitnami/wordpress/wp-content/plugins/radiantthemes-custom-post-type/short-header.php on line 332
[30-Nov-2020 15:56:56 UTC] PHP Notice:  Undefined index: post_type in /bitnami/wordpress/wp-content/plugins/radiantthemes-custom-post-type/short-header.php on line 332
[30-Nov-2020 15:58:57 UTC] PHP Notice:  Undefined index: post_type in /bitnami/wordpress/wp-content/plugins/radiantthemes-custom-post-type/short-header.php on line 332
[01-Dec-2020 08:11:55 UTC] PHP Notice:  Undefined variable: image_url in /bitnami/wordpress/wp-content/plugins/ultimate-carousel-for-visual-composer/render/carousel_son.php on line 45
[01-Dec-2020 08:11:55 UTC] PHP Notice:  Undefined variable: image_url in /bitnami/wordpress/wp-content/plugins/ultimate-carousel-for-visual-composer/render/carousel_son.php on line 45
[01-Dec-2020 08:11:55 UTC] PHP Notice:  Undefined variable: image_url in /bitnami/wordpress/wp-content/plugins/ultimate-carousel-for-visual-composer/render/carousel_son.php on line 45
[01-Dec-2020 08:11:55 UTC] PHP Notice:  Undefined variable: width in /bitnami/wordpress/wp-content/plugins/ultimate-carousel-for-visual-composer/render/carousel_father.php on line 35
[01-Dec-2020 08:12:54 UTC] PHP Notice:  Undefined variable: image_url in /bitnami/wordpress/wp-content/plugins/ultimate-carousel-for-visual-composer/render/carousel_son.php on line 45
[01-Dec-2020 08:12:54 UTC] PHP Notice:  Undefined variable: image_url in /bitnami/wordpress/wp-content/plugins/ultimate-carousel-for-visual-composer/render/carousel_son.php on line 45
[01-Dec-2020 08:12:54 UTC] PHP Notice:  Undefined variable: image_url in /bitnami/wordpress/wp-content/plugins/ultimate-carousel-for-visual-composer/render/carousel_son.php on line 45
[01-Dec-2020 08:12:54 UTC] PHP Notice:  Undefined variable: width in /bitnami/wordpress/wp-content/plugins/ultimate-carousel-for-visual-composer/render/carousel_father.php on line 35
[01-Dec-2020 08:14:12 UTC] PHP Notice:  Undefined variable: image_url in /bitnami/wordpress/wp-content/plugins/ultimate-carousel-for-visual-composer/render/carousel_son.php on line 45
[01-Dec-2020 08:14:12 UTC] PHP Notice:  Undefined variable: image_url in /bitnami/wordpress/wp-content/plugins/ultimate-carousel-for-visual-composer/render/carousel_son.php on line 45
[01-Dec-2020 08:14:12 UTC] PHP Notice:  Undefined variable: image_url in /bitnami/wordpress/wp-content/plugins/ultimate-carousel-for-visual-composer/render/carousel_son.php on line 45
[01-Dec-2020 08:14:12 UTC] PHP Notice:  Undefined variable: width in /bitnami/wordpress/wp-content/plugins/ultimate-carousel-for-visual-composer/render/carousel_father.php on line 35
[01-Dec-2020 08:16:33 UTC] PHP Notice:  Undefined variable: image_url in /bitnami/wordpress/wp-content/plugins/ultimate-carousel-for-visual-composer/render/carousel_son.php on line 45
[01-Dec-2020 08:16:33 UTC] PHP Notice:  Undefined variable: image_url in /bitnami/wordpress/wp-content/plugins/ultimate-carousel-for-visual-composer/render/carousel_son.php on line 45
[01-Dec-2020 08:16:33 UTC] PHP Notice:  Undefined variable: image_url in /bitnami/wordpress/wp-content/plugins/ultimate-carousel-for-visual-composer/render/carousel_son.php on line 45
[01-Dec-2020 08:16:33 UTC] PHP Notice:  Undefined variable: width in /bitnami/wordpress/wp-content/plugins/ultimate-carousel-for-visual-composer/render/carousel_father.php on line 35
[01-Dec-2020 08:16:56 UTC] PHP Notice:  Undefined variable: image_url in /bitnami/wordpress/wp-content/plugins/ultimate-carousel-for-visual-composer/render/carousel_son.php on line 45
[01-Dec-2020 08:16:56 UTC] PHP Notice:  Undefined variable: image_url in /bitnami/wordpress/wp-content/plugins/ultimate-carousel-for-visual-composer/render/carousel_son.php on line 45
[01-Dec-2020 08:16:56 UTC] PHP Notice:  Undefined variable: image_url in /bitnami/wordpress/wp-content/plugins/ultimate-carousel-for-visual-composer/render/carousel_son.php on line 45
[01-Dec-2020 08:16:56 UTC] PHP Notice:  Undefined variable: width in /bitnami/wordpress/wp-content/plugins/ultimate-carousel-for-visual-composer/render/carousel_father.php on line 35
[01-Dec-2020 08:18:36 UTC] PHP Notice:  Undefined variable: image_url in /bitnami/wordpress/wp-content/plugins/ultimate-carousel-for-visual-composer/render/carousel_son.php on line 45
[01-Dec-2020 08:18:36 UTC] PHP Notice:  Undefined variable: image_url in /bitnami/wordpress/wp-content/plugins/ultimate-carousel-for-visual-composer/render/carousel_son.php on line 45
[01-Dec-2020 08:18:36 UTC] PHP Notice:  Undefined variable: image_url in /bitnami/wordpress/wp-content/plugins/ultimate-carousel-for-visual-composer/render/carousel_son.php on line 45
[01-Dec-2020 08:18:36 UTC] PHP Notice:  Undefined variable: width in /bitnami/wordpress/wp-content/plugins/ultimate-carousel-for-visual-composer/render/carousel_father.php on line 35
[01-Dec-2020 08:20:23 UTC] PHP Notice:  Undefined variable: image_url in /bitnami/wordpress/wp-content/plugins/ultimate-carousel-for-visual-composer/render/carousel_son.php on line 45
[01-Dec-2020 08:20:23 UTC] PHP Notice:  Undefined variable: image_url in /bitnami/wordpress/wp-content/plugins/ultimate-carousel-for-visual-composer/render/carousel_son.php on line 45
[01-Dec-2020 08:20:23 UTC] PHP Notice:  Undefined variable: image_url in /bitnami/wordpress/wp-content/plugins/ultimate-carousel-for-visual-composer/render/carousel_son.php on line 45
[01-Dec-2020 08:20:23 UTC] PHP Notice:  Undefined variable: width in /bitnami/wordpress/wp-content/plugins/ultimate-carousel-for-visual-composer/render/carousel_father.php on line 35
[01-Dec-2020 08:25:46 UTC] PHP Notice:  Undefined variable: image_url in /bitnami/wordpress/wp-content/plugins/ultimate-carousel-for-visual-composer/render/carousel_son.php on line 45
[01-Dec-2020 08:25:46 UTC] PHP Notice:  Undefined variable: image_url in /bitnami/wordpress/wp-content/plugins/ultimate-carousel-for-visual-composer/render/carousel_son.php on line 45
[01-Dec-2020 08:25:46 UTC] PHP Notice:  Undefined variable: image_url in /bitnami/wordpress/wp-content/plugins/ultimate-carousel-for-visual-composer/render/carousel_son.php on line 45
[01-Dec-2020 08:25:46 UTC] PHP Notice:  Undefined variable: width in /bitnami/wordpress/wp-content/plugins/ultimate-carousel-for-visual-composer/render/carousel_father.php on line 35
[01-Dec-2020 08:25:59 UTC] PHP Notice:  Undefined variable: image_url in /bitnami/wordpress/wp-content/plugins/ultimate-carousel-for-visual-composer/render/carousel_son.php on line 45
[01-Dec-2020 08:25:59 UTC] PHP Notice:  Undefined variable: image_url in /bitnami/wordpress/wp-content/plugins/ultimate-carousel-for-visual-composer/render/carousel_son.php on line 45
[01-Dec-2020 08:25:59 UTC] PHP Notice:  Undefined variable: image_url in /bitnami/wordpress/wp-content/plugins/ultimate-carousel-for-visual-composer/render/carousel_son.php on line 45
[01-Dec-2020 08:25:59 UTC] PHP Notice:  Undefined variable: width in /bitnami/wordpress/wp-content/plugins/ultimate-carousel-for-visual-composer/render/carousel_father.php on line 35
[01-Dec-2020 08:26:31 UTC] PHP Notice:  Undefined variable: image_url in /bitnami/wordpress/wp-content/plugins/ultimate-carousel-for-visual-composer/render/carousel_son.php on line 45
[01-Dec-2020 08:26:31 UTC] PHP Notice:  Undefined variable: image_url in /bitnami/wordpress/wp-content/plugins/ultimate-carousel-for-visual-composer/render/carousel_son.php on line 45
[01-Dec-2020 08:26:31 UTC] PHP Notice:  Undefined variable: image_url in /bitnami/wordpress/wp-content/plugins/ultimate-carousel-for-visual-composer/render/carousel_son.php on line 45
[01-Dec-2020 08:26:31 UTC] PHP Notice:  Undefined variable: width in /bitnami/wordpress/wp-content/plugins/ultimate-carousel-for-visual-composer/render/carousel_father.php on line 35
[04-Dec-2020 10:04:40 UTC] PHP Notice:  Undefined property: Vc_Updater::$title in /bitnami/wordpress/wp-content/plugins/js_composer/include/classes/updaters/class-vc-updating-manager.php on line 99
